D:\VS程序\VS2010\第10章\SIFT\SURF-OPENCV\DEBUG\IMGSHOW.EXE
D:\VS程序\VS2010\第10章\SIFT\SURF-OPENCV\DEBUG\IMGSHOW.ILK
D:\VS程序\VS2010\第10章\SIFT\SURF-OPENCV\DEBUG\IMGSHOW.PDB
D:\vs程序\vs2010\第10章\SIFT\SURF-OpenCv\imgShow\Debug\cl.command.1.tlog
D:\vs程序\vs2010\第10章\SIFT\SURF-OpenCv\imgShow\Debug\CL.read.1.tlog
D:\vs程序\vs2010\第10章\SIFT\SURF-OpenCv\imgShow\Debug\CL.write.1.tlog
D:\VS程序\VS2010\第10章\SIFT\SURF-OPENCV\IMGSHOW\DEBUG\IMGSHOW.EXE.EMBED.MANIFEST
D:\VS程序\VS2010\第10章\SIFT\SURF-OPENCV\IMGSHOW\DEBUG\IMGSHOW.EXE.EMBED.MANIFEST.RES
D:\VS程序\VS2010\第10章\SIFT\SURF-OPENCV\IMGSHOW\DEBUG\IMGSHOW.EXE.INTERMEDIATE.MANIFEST
D:\VS程序\VS2010\第10章\SIFT\SURF-OPENCV\IMGSHOW\DEBUG\IMGSHOW.OBJ
D:\VS程序\VS2010\第10章\SIFT\SURF-OPENCV\IMGSHOW\DEBUG\IMGSHOW.PCH
D:\vs程序\vs2010\第10章\SIFT\SURF-OpenCv\imgShow\Debug\imgShow_manifest.rc
D:\vs程序\vs2010\第10章\SIFT\SURF-OpenCv\imgShow\Debug\link.4700.read.1.tlog
D:\vs程序\vs2010\第10章\SIFT\SURF-OpenCv\imgShow\Debug\link.4700.write.1.tlog
D:\vs程序\vs2010\第10章\SIFT\SURF-OpenCv\imgShow\Debug\link.4700-cvtres.read.1.tlog
D:\vs程序\vs2010\第10章\SIFT\SURF-OpenCv\imgShow\Debug\link.4700-cvtres.write.1.tlog
D:\vs程序\vs2010\第10章\SIFT\SURF-OpenCv\imgShow\Debug\link.command.1.tlog
D:\vs程序\vs2010\第10章\SIFT\SURF-OpenCv\imgShow\Debug\link.read.1.tlog
D:\vs程序\vs2010\第10章\SIFT\SURF-OpenCv\imgShow\Debug\link.write.1.tlog
D:\vs程序\vs2010\第10章\SIFT\SURF-OpenCv\imgShow\Debug\link-cvtres.read.1.tlog
D:\vs程序\vs2010\第10章\SIFT\SURF-OpenCv\imgShow\Debug\link-cvtres.write.1.tlog
D:\vs程序\vs2010\第10章\SIFT\SURF-OpenCv\imgShow\Debug\mt.command.1.tlog
D:\vs程序\vs2010\第10章\SIFT\SURF-OpenCv\imgShow\Debug\mt.read.1.tlog
D:\vs程序\vs2010\第10章\SIFT\SURF-OpenCv\imgShow\Debug\mt.write.1.tlog
D:\vs程序\vs2010\第10章\SIFT\SURF-OpenCv\imgShow\Debug\rc.command.1.tlog
D:\vs程序\vs2010\第10章\SIFT\SURF-OpenCv\imgShow\Debug\rc.read.1.tlog
D:\vs程序\vs2010\第10章\SIFT\SURF-OpenCv\imgShow\Debug\rc.write.1.tlog
D:\VS程序\VS2010\第10章\SIFT\SURF-OPENCV\IMGSHOW\DEBUG\STDAFX.OBJ
D:\vs程序\vs2010\第10章\SIFT\SURF-OpenCv\imgShow\Debug\vc100.idb
D:\VS程序\VS2010\第10章\SIFT\SURF-OPENCV\IMGSHOW\DEBUG\VC100.PDB
